<?xml version="1.0" encoding="UTF-8"?>
<!-- Generated by org.testng.reporters.JUnitXMLReporter -->
<testsuite hostname="DESKTOP-J2SCCJC" ignored="0" name="Default test" tests="3" failures="0" timestamp="02 Apr 2019 04:00:14 GMT" time="9.957" errors="0">
  <testcase name="loginVerification" time="1.715" classname="com.functionalautomation.testcases.LogInverification"/>
  <testcase name="loginVerification" time="1.427" classname="com.functionalautomation.testcases.LogInverification"/>
  <testcase name="loginVerification" time="1.377" classname="com.functionalautomation.testcases.LogInverification"/>
</testsuite> <!-- Default test -->
